# JRE version: OpenJDK Runtime Environment Temurin-21.0.8+9 (21.0.8+9) (build 21.0.8+9-LTS)
# Java VM: OpenJDK 64-Bit Server VM Temurin-21.0.8+9 (21.0.8+9-LTS, mixed mode, sharing, tiered, compressed oops, compressed class ptrs, parallel gc, windows-amd64)
GC Precious Log:
 CardTable entry size: 512
 CPUs: 12 total, 12 available
 Memory: 7530M
 Large Page Support: Disabled
 NUMA Support: Disabled
 Compressed Oops: Enabled (32-bit)
 Alignments: Space 512K, Generation 512K, Heap 2M
 Heap Min Capacity: 100M
 Heap Initial Capacity: 100M
 Heap Max Capacity: 2G
 Pre-touch: Disabled
 Parallel Workers: 10
Heap:
 PSYoungGen      total 17920K, used 10723K [0x00000000d5580000, 0x00000000d6a00000, 0x0000000100000000)
  eden space 15872K, 64% used [0x00000000d5580000,0x00000000d5f70c08,0x00000000d6500000)
  from space 2048K, 26% used [0x00000000d6600000,0x00000000d6688020,0x00000000d6800000)
  to   space 1024K, 0% used [0x00000000d6900000,0x00000000d6900000,0x00000000d6a00000)
 ParOldGen       total 923648K, used 923199K [0x0000000080000000, 0x00000000b8600000, 0x00000000d5580000)
  object space 923648K, 99% used [0x0000000080000000,0x00000000b858fd60,0x00000000b8600000)
 Metaspace       used 77673K, committed 79424K, reserved 1179648K
  class space    used 8350K, committed 9088K, reserved 1048576K
GC Heap History (20 events):
Event: 822.317 GC heap before
{Heap before GC invocations=1563 (full 3):
 PSYoungGen      total 12288K, used 12202K [0x00000000d5580000, 0x00000000d6900000, 0x0000000100000000)
  eden space 7168K, 100% used [0x00000000d5580000,0x00000000d5c80000,0x00000000d5c80000)
  from space 5120K, 98% used [0x00000000d5c80000,0x00000000d616a8e0,0x00000000d6180000)
  to   space 5632K, 0% used [0x00000000d6380000,0x00000000d6380000,0x00000000d6900000)
 ParOldGen       total 896512K, used 896195K [0x0000000080000000, 0x00000000b6b80000, 0x00000000d5580000)
  object space 896512K, 99% used [0x0000000080000000,0x00000000b6b30d38,0x00000000b6b80000)
 Metaspace       used 72807K, committed 74496K, reserved 1179648K
  class space    used 7768K, committed 8512K, reserved 1048576K
}
Event: 822.330 GC heap after
{Heap after GC invocations=1563 (full 3):
 PSYoungGen      total 13824K, used 4983K [0x00000000d5580000, 0x00000000d6880000, 0x0000000100000000)
  eden space 8704K, 0% used [0x00000000d5580000,0x00000000d5580000,0x00000000d5e00000)
  from space 5120K, 97% used [0x00000000d6380000,0x00000000d685de38,0x00000000d6880000)
  to   space 5120K, 0% used [0x00000000d5e80000,0x00000000d5e80000,0x00000000d6380000)
 ParOldGen       total 901632K, used 901177K [0x0000000080000000, 0x00000000b7080000, 0x00000000d5580000)
  object space 901632K, 99% used [0x0000000080000000,0x00000000b700e5a0,0x00000000b7080000)
 Metaspace       used 72807K, committed 74496K, reserved 1179648K
  class space    used 7768K, committed 8512K, reserved 1048576K
}
Event: 822.401 GC heap before
{Heap before GC invocations=1564 (full 3):
 PSYoungGen      total 13824K, used 13687K [0x00000000d5580000, 0x00000000d6880000, 0x0000000100000000)
  eden space 8704K, 100% used [0x00000000d5580000,0x00000000d5e00000,0x00000000d5e00000)
  from space 5120K, 97% used [0x00000000d6380000,0x00000000d685de38,0x00000000d6880000)
  to   space 5120K, 0% used [0x00000000d5e80000,0x00000000d5e80000,0x00000000d6380000)
 ParOldGen       total 901632K, used 901177K [0x0000000080000000, 0x00000000b7080000, 0x00000000d5580000)
  object space 901632K, 99% used [0x0000000080000000,0x00000000b700e5a0,0x00000000b7080000)
 Metaspace       used 72813K, committed 74496K, reserved 1179648K
  class space    used 7768K, committed 8512K, reserved 1048576K
}
Event: 822.536 GC heap after
{Heap after GC invocations=1564 (full 3):
 PSYoungGen      total 14336K, used 5113K [0x00000000d5580000, 0x00000000d7600000, 0x0000000100000000)
  eden space 9216K, 0% used [0x00000000d5580000,0x00000000d5580000,0x00000000d5e80000)
  from space 5120K, 99% used [0x00000000d5e80000,0x00000000d637e7f8,0x00000000d6380000)
  to   space 11264K, 0% used [0x00000000d6b00000,0x00000000d6b00000,0x00000000d7600000)
 ParOldGen       total 906752K, used 906366K [0x0000000080000000, 0x00000000b7580000, 0x00000000d5580000)
  object space 906752K, 99% used [0x0000000080000000,0x00000000b751fad0,0x00000000b7580000)
 Metaspace       used 72813K, committed 74496K, reserved 1179648K
  class space    used 7768K, committed 8512K, reserved 1048576K
}
Event: 822.561 GC heap before
{Heap before GC invocations=1565 (full 3):
 PSYoungGen      total 14336K, used 14329K [0x00000000d5580000, 0x00000000d7600000, 0x0000000100000000)
  eden space 9216K, 100% used [0x00000000d5580000,0x00000000d5e80000,0x00000000d5e80000)
  from space 5120K, 99% used [0x00000000d5e80000,0x00000000d637e7f8,0x00000000d6380000)
  to   space 11264K, 0% used [0x00000000d6b00000,0x00000000d6b00000,0x00000000d7600000)
 ParOldGen       total 906752K, used 906366K [0x0000000080000000, 0x00000000b7580000, 0x00000000d5580000)
  object space 906752K, 99% used [0x0000000080000000,0x00000000b751fad0,0x00000000b7580000)
 Metaspace       used 72813K, committed 74496K, reserved 1179648K
  class space    used 7768K, committed 8512K, reserved 1048576K
}
Event: 822.880 GC heap after
{Heap after GC invocations=1565 (full 3):
 PSYoungGen      total 17408K, used 5632K [0x00000000d5580000, 0x00000000d7100000, 0x0000000100000000)
  eden space 11264K, 0% used [0x00000000d5580000,0x00000000d5580000,0x00000000d6080000)
  from space 6144K, 91% used [0x00000000d6b00000,0x00000000d7080020,0x00000000d7100000)
  to   space 7680K, 0% used [0x00000000d6200000,0x00000000d6200000,0x00000000d6980000)
 ParOldGen       total 911872K, used 911462K [0x0000000080000000, 0x00000000b7a80000, 0x00000000d5580000)
  object space 911872K, 99% used [0x0000000080000000,0x00000000b7a19a70,0x00000000b7a80000)
 Metaspace       used 72813K, committed 74496K, reserved 1179648K
  class space    used 7768K, committed 8512K, reserved 1048576K
}
Event: 823.191 GC heap before
{Heap before GC invocations=1566 (full 3):
 PSYoungGen      total 17408K, used 16896K [0x00000000d5580000, 0x00000000d7100000, 0x0000000100000000)
  eden space 11264K, 100% used [0x00000000d5580000,0x00000000d6080000,0x00000000d6080000)
  from space 6144K, 91% used [0x00000000d6b00000,0x00000000d7080020,0x00000000d7100000)
  to   space 7680K, 0% used [0x00000000d6200000,0x00000000d6200000,0x00000000d6980000)
 ParOldGen       total 911872K, used 911462K [0x0000000080000000, 0x00000000b7a80000, 0x00000000d5580000)
  object space 911872K, 99% used [0x0000000080000000,0x00000000b7a19a70,0x00000000b7a80000)
 Metaspace       used 72841K, committed 74560K, reserved 1179648K
  class space    used 7768K, committed 8512K, reserved 1048576K
}
Event: 823.232 GC heap after
{Heap after GC invocations=1566 (full 3):
 PSYoungGen      total 15360K, used 2242K [0x00000000d5580000, 0x00000000d6b80000, 0x0000000100000000)
  eden space 12800K, 0% used [0x00000000d5580000,0x00000000d5580000,0x00000000d6200000)
  from space 2560K, 87% used [0x00000000d6200000,0x00000000d64309c0,0x00000000d6480000)
  to   space 4096K, 0% used [0x00000000d6780000,0x00000000d6780000,0x00000000d6b80000)
 ParOldGen       total 917504K, used 916998K [0x0000000080000000, 0x00000000b8000000, 0x00000000d5580000)
  object space 917504K, 99% used [0x0000000080000000,0x00000000b7f81a90,0x00000000b8000000)
 Metaspace       used 72841K, committed 74560K, reserved 1179648K
  class space    used 7768K, committed 8512K, reserved 1048576K
}
Event: 823.386 GC heap before
{Heap before GC invocations=1567 (full 3):
 PSYoungGen      total 15360K, used 15042K [0x00000000d5580000, 0x00000000d6b80000, 0x0000000100000000)
  eden space 12800K, 100% used [0x00000000d5580000,0x00000000d6200000,0x00000000d6200000)
  from space 2560K, 87% used [0x00000000d6200000,0x00000000d64309c0,0x00000000d6480000)
  to   space 4096K, 0% used [0x00000000d6780000,0x00000000d6780000,0x00000000d6b80000)
 ParOldGen       total 917504K, used 916998K [0x0000000080000000, 0x00000000b8000000, 0x00000000d5580000)
  object space 917504K, 99% used [0x0000000080000000,0x00000000b7f81a90,0x00000000b8000000)
 Metaspace       used 72865K, committed 74560K, reserved 1179648K
  class space    used 7770K, committed 8512K, reserved 1048576K
}
Event: 823.393 GC heap after
{Heap after GC invocations=1567 (full 3):
 PSYoungGen      total 16896K, used 1226K [0x00000000d5580000, 0x00000000d6900000, 0x0000000100000000)
  eden space 15360K, 0% used [0x00000000d5580000,0x00000000d5580000,0x00000000d6480000)
  from space 1536K, 79% used [0x00000000d6780000,0x00000000d68b2b18,0x00000000d6900000)
  to   space 2048K, 0% used [0x00000000d6500000,0x00000000d6500000,0x00000000d6700000)
 ParOldGen       total 919552K, used 919171K [0x0000000080000000, 0x00000000b8200000, 0x00000000d5580000)
  object space 919552K, 99% used [0x0000000080000000,0x00000000b81a0c30,0x00000000b8200000)
 Metaspace       used 72865K, committed 74560K, reserved 1179648K
  class space    used 7770K, committed 8512K, reserved 1048576K
}
Event: 823.581 GC heap before
{Heap before GC invocations=1568 (full 3):
 PSYoungGen      total 16896K, used 16586K [0x00000000d5580000, 0x00000000d6900000, 0x0000000100000000)
  eden space 15360K, 100% used [0x00000000d5580000,0x00000000d6480000,0x00000000d6480000)
  from space 1536K, 79% used [0x00000000d6780000,0x00000000d68b2b18,0x00000000d6900000)
  to   space 2048K, 0% used [0x00000000d6500000,0x00000000d6500000,0x00000000d6700000)
 ParOldGen       total 919552K, used 919171K [0x0000000080000000, 0x00000000b8200000, 0x00000000d5580000)
  object space 919552K, 99% used [0x0000000080000000,0x00000000b81a0c30,0x00000000b8200000)
 Metaspace       used 72898K, committed 74560K, reserved 1179648K
  class space    used 7771K, committed 8512K, reserved 1048576K
}
Event: 823.587 GC heap after
{Heap after GC invocations=1568 (full 3):
 PSYoungGen      total 17920K, used 1419K [0x00000000d5580000, 0x00000000d6a80000, 0x0000000100000000)
  eden space 15872K, 0% used [0x00000000d5580000,0x00000000d5580000,0x00000000d6500000)
  from space 2048K, 69% used [0x00000000d6500000,0x00000000d6662d68,0x00000000d6700000)
  to   space 1536K, 0% used [0x00000000d6900000,0x00000000d6900000,0x00000000d6a80000)
 ParOldGen       total 920064K, used 919799K [0x0000000080000000, 0x00000000b8280000, 0x00000000d5580000)
  object space 920064K, 99% used [0x0000000080000000,0x00000000b823de98,0x00000000b8280000)
 Metaspace       used 72898K, committed 74560K, reserved 1179648K
  class space    used 7771K, committed 8512K, reserved 1048576K
}
Event: 823.961 GC heap before
{Heap before GC invocations=1569 (full 3):
 PSYoungGen      total 17920K, used 17286K [0x00000000d5580000, 0x00000000d6a80000, 0x0000000100000000)
  eden space 15872K, 99% used [0x00000000d5580000,0x00000000d64fee48,0x00000000d6500000)
  from space 2048K, 69% used [0x00000000d6500000,0x00000000d6662d68,0x00000000d6700000)
  to   space 1536K, 0% used [0x00000000d6900000,0x00000000d6900000,0x00000000d6a80000)
 ParOldGen       total 920064K, used 919799K [0x0000000080000000, 0x00000000b8280000, 0x00000000d5580000)
  object space 920064K, 99% used [0x0000000080000000,0x00000000b823de98,0x00000000b8280000)
 Metaspace       used 73325K, committed 75008K, reserved 1179648K
  class space    used 7806K, committed 8576K, reserved 1048576K
}
Event: 823.983 GC heap after
{Heap after GC invocations=1569 (full 3):
 PSYoungGen      total 16384K, used 192K [0x00000000d5580000, 0x00000000d6980000, 0x0000000100000000)
  eden space 15872K, 0% used [0x00000000d5580000,0x00000000d5580000,0x00000000d6500000)
  from space 512K, 37% used [0x00000000d6900000,0x00000000d6930000,0x00000000d6980000)
  to   space 1024K, 0% used [0x00000000d6780000,0x00000000d6780000,0x00000000d6880000)
 ParOldGen       total 920064K, used 919847K [0x0000000080000000, 0x00000000b8280000, 0x00000000d5580000)
  object space 920064K, 99% used [0x0000000080000000,0x00000000b8249e98,0x00000000b8280000)
 Metaspace       used 73325K, committed 75008K, reserved 1179648K
  class space    used 7806K, committed 8576K, reserved 1048576K
}
Event: 1076.764 GC heap before
{Heap before GC invocations=1570 (full 3):
 PSYoungGen      total 16384K, used 16064K [0x00000000d5580000, 0x00000000d6980000, 0x0000000100000000)
  eden space 15872K, 100% used [0x00000000d5580000,0x00000000d6500000,0x00000000d6500000)
  from space 512K, 37% used [0x00000000d6900000,0x00000000d6930000,0x00000000d6980000)
  to   space 1024K, 0% used [0x00000000d6780000,0x00000000d6780000,0x00000000d6880000)
 ParOldGen       total 920064K, used 919847K [0x0000000080000000, 0x00000000b8280000, 0x00000000d5580000)
  object space 920064K, 99% used [0x0000000080000000,0x00000000b8249e98,0x00000000b8280000)
 Metaspace       used 74622K, committed 76352K, reserved 1179648K
  class space    used 7937K, committed 8704K, reserved 1048576K
}
Event: 1077.064 GC heap after
{Heap after GC invocations=1570 (full 3):
 PSYoungGen      total 16896K, used 999K [0x00000000d5580000, 0x00000000d6e00000, 0x0000000100000000)
  eden space 15872K, 0% used [0x00000000d5580000,0x00000000d5580000,0x00000000d6500000)
  from space 1024K, 97% used [0x00000000d6780000,0x00000000d6879c30,0x00000000d6880000)
  to   space 4608K, 0% used [0x00000000d6980000,0x00000000d6980000,0x00000000d6e00000)
 ParOldGen       total 922624K, used 922423K [0x0000000080000000, 0x00000000b8500000, 0x00000000d5580000)
  object space 922624K, 99% used [0x0000000080000000,0x00000000b84cdc70,0x00000000b8500000)
 Metaspace       used 74622K, committed 76352K, reserved 1179648K
  class space    used 7937K, committed 8704K, reserved 1048576K
}
Event: 1078.722 GC heap before
{Heap before GC invocations=1571 (full 3):
 PSYoungGen      total 16896K, used 16871K [0x00000000d5580000, 0x00000000d6e00000, 0x0000000100000000)
  eden space 15872K, 100% used [0x00000000d5580000,0x00000000d6500000,0x00000000d6500000)
  from space 1024K, 97% used [0x00000000d6780000,0x00000000d6879c30,0x00000000d6880000)
  to   space 4608K, 0% used [0x00000000d6980000,0x00000000d6980000,0x00000000d6e00000)
 ParOldGen       total 922624K, used 922423K [0x0000000080000000, 0x00000000b8500000, 0x00000000d5580000)
  object space 922624K, 99% used [0x0000000080000000,0x00000000b84cdc70,0x00000000b8500000)
 Metaspace       used 75039K, committed 76800K, reserved 1179648K
  class space    used 7982K, committed 8768K, reserved 1048576K
}
Event: 1078.728 GC heap after
{Heap after GC invocations=1571 (full 3):
 PSYoungGen      total 16384K, used 401K [0x00000000d5580000, 0x00000000d6a00000, 0x0000000100000000)
  eden space 15872K, 0% used [0x00000000d5580000,0x00000000d5580000,0x00000000d6500000)
  from space 512K, 78% used [0x00000000d6980000,0x00000000d69e45a8,0x00000000d6a00000)
  to   space 2048K, 0% used [0x00000000d6600000,0x00000000d6600000,0x00000000d6800000)
 ParOldGen       total 923136K, used 922976K [0x0000000080000000, 0x00000000b8580000, 0x00000000d5580000)
  object space 923136K, 99% used [0x0000000080000000,0x00000000b85581a0,0x00000000b8580000)
 Metaspace       used 75039K, committed 76800K, reserved 1179648K
  class space    used 7982K, committed 8768K, reserved 1048576K
}
Event: 1079.328 GC heap before
{Heap before GC invocations=1572 (full 3):
 PSYoungGen      total 16384K, used 16273K [0x00000000d5580000, 0x00000000d6a00000, 0x0000000100000000)
  eden space 15872K, 100% used [0x00000000d5580000,0x00000000d6500000,0x00000000d6500000)
  from space 512K, 78% used [0x00000000d6980000,0x00000000d69e45a8,0x00000000d6a00000)
  to   space 2048K, 0% used [0x00000000d6600000,0x00000000d6600000,0x00000000d6800000)
 ParOldGen       total 923136K, used 922976K [0x0000000080000000, 0x00000000b8580000, 0x00000000d5580000)
  object space 923136K, 99% used [0x0000000080000000,0x00000000b85581a0,0x00000000b8580000)
 Metaspace       used 76791K, committed 78528K, reserved 1179648K
  class space    used 8244K, committed 9024K, reserved 1048576K
}
Event: 1079.334 GC heap after
{Heap after GC invocations=1572 (full 3):
 PSYoungGen      total 17920K, used 544K [0x00000000d5580000, 0x00000000d6a00000, 0x0000000100000000)
  eden space 15872K, 0% used [0x00000000d5580000,0x00000000d5580000,0x00000000d6500000)
  from space 2048K, 26% used [0x00000000d6600000,0x00000000d6688020,0x00000000d6800000)
  to   space 1024K, 0% used [0x00000000d6900000,0x00000000d6900000,0x00000000d6a00000)
 ParOldGen       total 923648K, used 923199K [0x0000000080000000, 0x00000000b8600000, 0x00000000d5580000)
  object space 923648K, 99% used [0x0000000080000000,0x00000000b858fd60,0x00000000b8600000)
 Metaspace       used 76791K, committed 78528K, reserved 1179648K
  class space    used 8244K, committed 9024K, reserved 1048576K
}

